2025-11-14 16:39:36,225 - INFO - Testing Past Performance extraction...
2025-11-14 16:39:36,520 - ERROR - Error extracting entry data: cannot access local variable 'entry_data' where it is not associated with a value
2025-11-14 16:39:36,520 - ERROR - Error extracting entry data: cannot access local variable 'entry_data' where it is not associated with a value
2025-11-14 16:39:36,520 - ERROR - Error extracting entry data: cannot access local variable 'entry_data' where it is not associated with a value
2025-11-14 16:39:36,520 - ERROR - Error extracting entry data: cannot access local variable 'entry_data' where it is not associated with a value
2025-11-14 16:39:36,520 - ERROR - Error extracting entry data: cannot access local variable 'entry_data' where it is not associated with a value
2025-11-14 16:39:36,521 - ERROR - Error extracting entry data: cannot access local variable 'entry_data' where it is not associated with a value
2025-11-14 16:39:36,522 - ERROR - Error extracting entry data: cannot access local variable 'entry_data' where it is not associated with a value
2025-11-14 16:39:36,522 - ERROR - Error extracting entry data: cannot access local variable 'entry_data' where it is not associated with a value
2025-11-14 16:39:36,522 - ERROR - Error extracting entry data: cannot access local variable 'entry_data' where it is not associated with a value
2025-11-14 16:39:36,522 - ERROR - Error extracting entry data: cannot access local variable 'entry_data' where it is not associated with a value
2025-11-14 16:39:36,522 - ERROR - Error extracting entry data: cannot access local variable 'entry_data' where it is not associated with a value
2025-11-14 16:39:36,522 - ERROR - Error extracting entry data: cannot access local variable 'entry_data' where it is not associated with a value
2025-11-14 16:39:36,522 - ERROR - Error extracting entry data: cannot access local variable 'entry_data' where it is not associated with a value
2025-11-14 16:39:36,522 - ERROR - Error extracting entry data: cannot access local variable 'entry_data' where it is not associated with a value
2025-11-14 16:39:36,522 - ERROR - Error extracting entry data: cannot access local variable 'entry_data' where it is not associated with a value
2025-11-14 16:39:36,522 - ERROR - Error extracting entry data: cannot access local variable 'entry_data' where it is not associated with a value
2025-11-14 16:39:36,522 - ERROR - Error extracting entry data: cannot access local variable 'entry_data' where it is not associated with a value
2025-11-14 16:39:36,522 - ERROR - Error extracting entry data: cannot access local variable 'entry_data' where it is not associated with a value
2025-11-14 16:39:36,523 - ERROR - Error extracting entry data: cannot access local variable 'entry_data' where it is not associated with a value
2025-11-14 16:39:36,523 - ERROR - Error extracting entry data: cannot access local variable 'entry_data' where it is not associated with a value
2025-11-14 16:39:36,523 - ERROR - Error extracting entry data: cannot access local variable 'entry_data' where it is not associated with a value
2025-11-14 16:39:36,523 - ERROR - Error extracting entry data: cannot access local variable 'entry_data' where it is not associated with a value
2025-11-14 16:39:36,523 - ERROR - Error extracting entry data: cannot access local variable 'entry_data' where it is not associated with a value
2025-11-14 16:39:36,523 - ERROR - Error extracting entry data: cannot access local variable 'entry_data' where it is not associated with a value
2025-11-14 16:39:36,523 - ERROR - Error extracting entry data: cannot access local variable 'entry_data' where it is not associated with a value
2025-11-14 16:39:36,524 - ERROR - Error extracting entry data: cannot access local variable 'entry_data' where it is not associated with a value
2025-11-14 16:39:36,524 - ERROR - Error extracting entry data: cannot access local variable 'entry_data' where it is not associated with a value
2025-11-14 16:39:36,524 - ERROR - Error extracting entry data: cannot access local variable 'entry_data' where it is not associated with a value
2025-11-14 16:39:36,524 - ERROR - Error extracting entry data: cannot access local variable 'entry_data' where it is not associated with a value
2025-11-14 16:39:36,524 - ERROR - Error extracting entry data: cannot access local variable 'entry_data' where it is not associated with a value
2025-11-14 16:39:36,524 - ERROR - Error extracting entry data: cannot access local variable 'entry_data' where it is not associated with a value
2025-11-14 16:39:36,524 - ERROR - Error extracting entry data: cannot access local variable 'entry_data' where it is not associated with a value
2025-11-14 16:39:36,524 - ERROR - Error extracting entry data: cannot access local variable 'entry_data' where it is not associated with a value
2025-11-14 16:39:36,524 - ERROR - Error extracting entry data: cannot access local variable 'entry_data' where it is not associated with a value
2025-11-14 16:39:36,525 - ERROR - Error extracting entry data: cannot access local variable 'entry_data' where it is not associated with a value
2025-11-14 16:39:36,525 - ERROR - Error extracting entry data: cannot access local variable 'entry_data' where it is not associated with a value
2025-11-14 16:39:36,525 - ERROR - Error extracting entry data: cannot access local variable 'entry_data' where it is not associated with a value
2025-11-14 16:39:36,525 - ERROR - Error extracting entry data: cannot access local variable 'entry_data' where it is not associated with a value
2025-11-14 16:39:36,525 - ERROR - Error extracting entry data: cannot access local variable 'entry_data' where it is not associated with a value
2025-11-14 16:39:36,525 - ERROR - Error extracting entry data: cannot access local variable 'entry_data' where it is not associated with a value
2025-11-14 16:39:36,525 - ERROR - Error extracting entry data: cannot access local variable 'entry_data' where it is not associated with a value
2025-11-14 16:39:36,525 - ERROR - Error extracting entry data: cannot access local variable 'entry_data' where it is not associated with a value
2025-11-14 16:39:36,525 - ERROR - Error extracting entry data: cannot access local variable 'entry_data' where it is not associated with a value
2025-11-14 16:39:36,525 - ERROR - Error extracting entry data: cannot access local variable 'entry_data' where it is not associated with a value
2025-11-14 16:39:36,525 - ERROR - Error extracting entry data: cannot access local variable 'entry_data' where it is not associated with a value
2025-11-14 16:39:36,525 - ERROR - Error extracting entry data: cannot access local variable 'entry_data' where it is not associated with a value
2025-11-14 16:39:36,525 - ERROR - Error extracting entry data: cannot access local variable 'entry_data' where it is not associated with a value
2025-11-14 16:39:36,525 - ERROR - Error extracting entry data: cannot access local variable 'entry_data' where it is not associated with a value
2025-11-14 16:39:36,525 - ERROR - Error extracting entry data: cannot access local variable 'entry_data' where it is not associated with a value
2025-11-14 16:39:36,525 - ERROR - Error extracting entry data: cannot access local variable 'entry_data' where it is not associated with a value
2025-11-14 16:39:36,525 - ERROR - Error extracting entry data: cannot access local variable 'entry_data' where it is not associated with a value
2025-11-14 16:39:36,526 - ERROR - Error extracting entry data: cannot access local variable 'entry_data' where it is not associated with a value
2025-11-14 16:39:36,526 - ERROR - Error extracting entry data: cannot access local variable 'entry_data' where it is not associated with a value
2025-11-14 16:39:36,526 - ERROR - Error extracting entry data: cannot access local variable 'entry_data' where it is not associated with a value
2025-11-14 16:39:36,526 - ERROR - Error extracting entry data: cannot access local variable 'entry_data' where it is not associated with a value
2025-11-14 16:39:36,526 - ERROR - Error extracting entry data: cannot access local variable 'entry_data' where it is not associated with a value
2025-11-14 16:39:36,526 - ERROR - Error extracting entry data: cannot access local variable 'entry_data' where it is not associated with a value
2025-11-14 16:39:36,526 - ERROR - Error extracting entry data: cannot access local variable 'entry_data' where it is not associated with a value
2025-11-14 16:39:36,527 - ERROR - Error extracting entry data: cannot access local variable 'entry_data' where it is not associated with a value
2025-11-14 16:39:36,527 - ERROR - Error extracting entry data: cannot access local variable 'entry_data' where it is not associated with a value
2025-11-14 16:39:36,527 - ERROR - Error extracting entry data: cannot access local variable 'entry_data' where it is not associated with a value
2025-11-14 16:39:36,527 - ERROR - Error extracting entry data: cannot access local variable 'entry_data' where it is not associated with a value
2025-11-14 16:39:36,527 - ERROR - Error extracting entry data: cannot access local variable 'entry_data' where it is not associated with a value
2025-11-14 16:39:36,527 - ERROR - Error extracting entry data: cannot access local variable 'entry_data' where it is not associated with a value
2025-11-14 16:39:36,527 - ERROR - Error extracting entry data: cannot access local variable 'entry_data' where it is not associated with a value
2025-11-14 16:39:36,527 - ERROR - Error extracting entry data: cannot access local variable 'entry_data' where it is not associated with a value
2025-11-14 16:39:36,527 - ERROR - Error extracting entry data: cannot access local variable 'entry_data' where it is not associated with a value
2025-11-14 16:39:36,527 - ERROR - Error extracting entry data: cannot access local variable 'entry_data' where it is not associated with a value
2025-11-14 16:39:36,527 - ERROR - Error extracting entry data: cannot access local variable 'entry_data' where it is not associated with a value
2025-11-14 16:39:36,538 - INFO - Past Performance extraction results:
2025-11-14 16:39:36,538 - INFO -   Races found: 9
2025-11-14 16:39:36,538 - INFO -   Entries found: 0
2025-11-14 16:39:36,538 - INFO - 
Sample race data:
2025-11-14 16:39:36,538 - INFO -   race_id: USA_2023-01-01_1
2025-11-14 16:39:36,538 - INFO -   track_code: USA
2025-11-14 16:39:36,538 - INFO -   race_date: 2023-01-01
2025-11-14 16:39:36,538 - INFO -   race_number: 1
2025-11-14 16:39:36,539 - INFO -   race_name: None
2025-11-14 16:39:36,539 - INFO -   conditions_text: FOR MAIDENS, FOUR YEARS OLD  AND UPWARD FOALED IN NEW YORK STATE AND APPROVED BY THE NEW YORK STATE-BRED REGISTRY. Weight, 122 lbs. Claiming Price $40,000 (1.5% Aftercare Assessment Due At Time Of Claim Otherwise Claim Will Be Void).
2025-11-14 16:39:36,539 - INFO -   post_time: 12:20PM
2025-11-14 16:39:36,539 - INFO -   max_claim_price: 40000.00
2025-11-14 16:39:36,539 - INFO -   min_claim_price: 40000.00
2025-11-14 16:39:36,539 - INFO -   source_file: 2023 PPs/SIMD20230101AQU_USA.xml
2025-11-14 16:39:36,539 - INFO -   data_source: past_performance
2025-11-14 16:39:36,539 - INFO -   course_type_code: DIRT
2025-11-14 16:39:36,539 - INFO -   track_condition: UNKNOWN
2025-11-14 16:39:36,539 - INFO -   race_type_code: MCL
2025-11-14 16:39:36,539 - INFO -   race_type_description: MCL
2025-11-14 16:39:36,539 - INFO -   class_level: 1
2025-11-14 16:39:36,539 - INFO -   purse_category: MAIDEN
2025-11-14 16:39:36,539 - INFO -   min_age: 4
2025-11-14 16:39:36,539 - INFO -   max_age: None
2025-11-14 16:39:36,539 - INFO -   fillies_and_mares: False
2025-11-14 16:39:36,539 - INFO -   colts_and_geldings: False
2025-11-14 16:39:36,539 - INFO -   fillies_only: False
2025-11-14 16:39:36,539 - INFO -   mares_only: False
2025-11-14 16:39:36,539 - INFO -   colts_only: False
2025-11-14 16:39:36,539 - INFO -   geldings_only: False
2025-11-14 16:39:36,540 - INFO -   distance_yards: 132000
2025-11-14 16:39:36,540 - INFO -   purse_usd: 43000.0
2025-11-14 16:39:36,540 - INFO - 
Testing database insertion...
2025-11-14 16:39:36,541 - ERROR - Database insert error: table races_standardized has no column named data_source
2025-11-14 16:39:36,541 - INFO - Testing Result Chart extraction...
2025-11-14 16:39:36,994 - INFO - Result Chart extraction results:
2025-11-14 16:39:36,994 - INFO -   Race updates: 9
2025-11-14 16:39:36,994 - INFO -   Entry updates: 62
2025-11-14 16:39:36,994 - INFO - 
Sample race update:
2025-11-14 16:39:36,994 - INFO -   race_id: AQU_2023-01-01_1
2025-11-14 16:39:36,994 - INFO -   winning_time: 73.61
2025-11-14 16:39:36,994 - INFO -   final_fraction_time: 0.0
2025-11-14 16:39:36,994 - INFO -   track_condition: MUDDY
2025-11-14 16:39:36,994 - INFO -   weather: Clear
2025-11-14 16:39:36,994 - INFO -   wind_speed: None
2025-11-14 16:39:36,994 - INFO -   wind_direction: None
2025-11-14 16:39:36,994 - INFO - 
Sample entry update:
2025-11-14 16:39:36,994 - INFO -   entry_id: AQU_2023-01-01_1_18009698
2025-11-14 16:39:36,994 - INFO -   race_id: AQU_2023-01-01_1
2025-11-14 16:39:36,994 - INFO -   registration_number: 18009698
2025-11-14 16:39:36,994 - INFO -   official_finish_position: 5.0
2025-11-14 16:39:36,994 - INFO -   final_time: 0.0
2025-11-14 16:39:36,994 - INFO -   speed_rating: 49.0
2025-11-14 16:39:36,994 - INFO -   win_payoff: 0.0
2025-11-14 16:39:36,994 - INFO -   place_payoff: 0.0
2025-11-14 16:39:36,994 - INFO -   show_payoff: 0.0
2025-11-14 16:39:36,994 - INFO -   actual_odds: 26.25
2025-11-14 16:39:36,994 - INFO -   race_comments: bumped st, chased ins, tipped 5w turn, 5w upper, trailed
2025-11-14 16:39:36,994 - INFO - 
Testing database update...
2025-11-14 16:39:36,994 - INFO - Updated 9 races with results
2025-11-14 16:39:37,009 - INFO - Updated 62 entries with results
2025-11-14 16:39:37,009 - INFO - Inserted 50 wagering records
2025-11-14 16:39:37,009 - INFO - Inserted 28 fraction records
2025-11-14 16:39:37,041 - INFO - Inserted 372 position call records
2025-11-14 16:39:37,057 - INFO - Checking database status after extraction tests...
2025-11-14 16:39:37,057 - INFO - Races in database: 0
2025-11-14 16:39:37,057 - INFO - Entries in database: 0
2025-11-14 16:39:37,057 - INFO - Equipment records: 0
2025-11-14 16:39:37,057 - INFO - Wagering records: 50
2025-11-14 16:40:07,118 - INFO - Testing Past Performance extraction...
2025-11-14 16:40:07,621 - INFO - Past Performance extraction results:
2025-11-14 16:40:07,621 - INFO -   Races found: 9
2025-11-14 16:40:07,623 - INFO -   Entries found: 69
2025-11-14 16:40:07,623 - INFO - 
Sample race data:
2025-11-14 16:40:07,623 - INFO -   race_id: USA_2023-01-01_1
2025-11-14 16:40:07,623 - INFO -   track_code: USA
2025-11-14 16:40:07,623 - INFO -   race_date: 2023-01-01
2025-11-14 16:40:07,623 - INFO -   race_number: 1
2025-11-14 16:40:07,623 - INFO -   race_name: None
2025-11-14 16:40:07,623 - INFO -   conditions_text: FOR MAIDENS, FOUR YEARS OLD  AND UPWARD FOALED IN NEW YORK STATE AND APPROVED BY THE NEW YORK STATE-BRED REGISTRY. Weight, 122 lbs. Claiming Price $40,000 (1.5% Aftercare Assessment Due At Time Of Claim Otherwise Claim Will Be Void).
2025-11-14 16:40:07,623 - INFO -   post_time: 12:20PM
2025-11-14 16:40:07,623 - INFO -   max_claim_price: 40000.00
2025-11-14 16:40:07,623 - INFO -   min_claim_price: 40000.00
2025-11-14 16:40:07,623 - INFO -   source_file: 2023 PPs/SIMD20230101AQU_USA.xml
2025-11-14 16:40:07,623 - INFO -   data_source: past_performance
2025-11-14 16:40:07,623 - INFO -   course_type_code: DIRT
2025-11-14 16:40:07,623 - INFO -   track_condition: UNKNOWN
2025-11-14 16:40:07,623 - INFO -   race_type_code: MCL
2025-11-14 16:40:07,623 - INFO -   race_type_description: MCL
2025-11-14 16:40:07,623 - INFO -   class_level: 1
2025-11-14 16:40:07,623 - INFO -   purse_category: MAIDEN
2025-11-14 16:40:07,623 - INFO -   min_age: 4
2025-11-14 16:40:07,623 - INFO -   max_age: None
2025-11-14 16:40:07,623 - INFO -   fillies_and_mares: False
2025-11-14 16:40:07,623 - INFO -   colts_and_geldings: False
2025-11-14 16:40:07,623 - INFO -   fillies_only: False
2025-11-14 16:40:07,623 - INFO -   mares_only: False
2025-11-14 16:40:07,623 - INFO -   colts_only: False
2025-11-14 16:40:07,623 - INFO -   geldings_only: False
2025-11-14 16:40:07,623 - INFO -   distance_yards: 132000
2025-11-14 16:40:07,623 - INFO -   purse_usd: 43000.0
2025-11-14 16:40:07,623 - INFO - 
Sample entry data:
2025-11-14 16:40:07,623 - INFO -   entry_id: USA_2023-01-01_1_18009698
2025-11-14 16:40:07,623 - INFO -   race_id: USA_2023-01-01_1
2025-11-14 16:40:07,623 - INFO -   registration_number: 18009698
2025-11-14 16:40:07,623 - INFO -   program_number: 1
2025-11-14 16:40:07,623 - INFO -   post_position: 1
2025-11-14 16:40:07,623 - INFO -   age_at_race: 5
2025-11-14 16:40:07,623 - INFO -   claim_price: 40000.0
2025-11-14 16:40:07,623 - INFO -   morning_line_odds: 20/1
2025-11-14 16:40:07,623 - INFO -   scratched: False
2025-11-14 16:40:07,623 - INFO -   trainer_id: 494
2025-11-14 16:40:07,623 - INFO -   owner_id: 2116693
2025-11-14 16:40:07,623 - INFO -   source_file: 2023 PPs/SIMD20230101AQU_USA.xml
2025-11-14 16:40:07,623 - INFO -   data_source: past_performance
2025-11-14 16:40:07,623 - INFO -   equipment_codes: []
2025-11-14 16:40:07,623 - INFO -   has_blinkers: False
2025-11-14 16:40:07,623 - INFO -   has_lasix: False
2025-11-14 16:40:07,623 - INFO -   has_tongue_tie: False
2025-11-14 16:40:07,623 - INFO -   has_nasal_strip: False
2025-11-14 16:40:07,623 - INFO -   weight_lbs: 112
2025-11-14 16:40:07,623 - INFO -   medication_codes: []
2025-11-14 16:40:07,623 - INFO - 
Testing database insertion...
2025-11-14 16:40:07,623 - ERROR - Database insert error: table races_standardized has no column named data_source
2025-11-14 16:40:07,623 - INFO - Testing Result Chart extraction...
2025-11-14 16:40:07,930 - INFO - Result Chart extraction results:
2025-11-14 16:40:07,930 - INFO -   Race updates: 9
2025-11-14 16:40:07,930 - INFO -   Entry updates: 62
2025-11-14 16:40:07,930 - INFO - 
Sample race update:
2025-11-14 16:40:07,930 - INFO -   race_id: AQU_2023-01-01_1
2025-11-14 16:40:07,930 - INFO -   winning_time: 73.61
2025-11-14 16:40:07,930 - INFO -   final_fraction_time: 0.0
2025-11-14 16:40:07,930 - INFO -   track_condition: MUDDY
2025-11-14 16:40:07,930 - INFO -   weather: Clear
2025-11-14 16:40:07,930 - INFO -   wind_speed: None
2025-11-14 16:40:07,930 - INFO -   wind_direction: None
2025-11-14 16:40:07,930 - INFO - 
Sample entry update:
2025-11-14 16:40:07,932 - INFO -   entry_id: AQU_2023-01-01_1_18009698
2025-11-14 16:40:07,932 - INFO -   race_id: AQU_2023-01-01_1
2025-11-14 16:40:07,932 - INFO -   registration_number: 18009698
2025-11-14 16:40:07,932 - INFO -   official_finish_position: 5.0
2025-11-14 16:40:07,932 - INFO -   final_time: 0.0
2025-11-14 16:40:07,932 - INFO -   speed_rating: 49.0
2025-11-14 16:40:07,932 - INFO -   win_payoff: 0.0
2025-11-14 16:40:07,932 - INFO -   place_payoff: 0.0
2025-11-14 16:40:07,932 - INFO -   show_payoff: 0.0
2025-11-14 16:40:07,932 - INFO -   actual_odds: 26.25
2025-11-14 16:40:07,932 - INFO -   race_comments: bumped st, chased ins, tipped 5w turn, 5w upper, trailed
2025-11-14 16:40:07,932 - INFO - 
Testing database update...
2025-11-14 16:40:07,932 - INFO - Updated 9 races with results
2025-11-14 16:40:07,939 - INFO - Updated 62 entries with results
2025-11-14 16:40:07,943 - INFO - Inserted 50 wagering records
2025-11-14 16:40:07,945 - INFO - Inserted 28 fraction records
2025-11-14 16:40:07,969 - INFO - Inserted 372 position call records
2025-11-14 16:40:07,980 - INFO - Checking database status after extraction tests...
2025-11-14 16:40:07,980 - INFO - Races in database: 0
2025-11-14 16:40:07,980 - INFO - Entries in database: 0
2025-11-14 16:40:07,980 - INFO - Equipment records: 0
2025-11-14 16:40:07,980 - INFO - Wagering records: 50
2025-11-14 16:40:41,577 - INFO - Testing Past Performance extraction...
2025-11-14 16:40:41,844 - INFO - Past Performance extraction results:
2025-11-14 16:40:41,844 - INFO -   Races found: 9
2025-11-14 16:40:41,844 - INFO -   Entries found: 69
2025-11-14 16:40:41,844 - INFO - 
Sample race data:
2025-11-14 16:40:41,844 - INFO -   race_id: USA_2023-01-01_1
2025-11-14 16:40:41,844 - INFO -   track_code: USA
2025-11-14 16:40:41,844 - INFO -   race_date: 2023-01-01
2025-11-14 16:40:41,854 - INFO -   race_number: 1
2025-11-14 16:40:41,854 - INFO -   race_name: None
2025-11-14 16:40:41,854 - INFO -   conditions_text: FOR MAIDENS, FOUR YEARS OLD  AND UPWARD FOALED IN NEW YORK STATE AND APPROVED BY THE NEW YORK STATE-BRED REGISTRY. Weight, 122 lbs. Claiming Price $40,000 (1.5% Aftercare Assessment Due At Time Of Claim Otherwise Claim Will Be Void).
2025-11-14 16:40:41,854 - INFO -   post_time: 12:20PM
2025-11-14 16:40:41,854 - INFO -   max_claim_price: 40000.00
2025-11-14 16:40:41,854 - INFO -   min_claim_price: 40000.00
2025-11-14 16:40:41,854 - INFO -   source_file: 2023 PPs/SIMD20230101AQU_USA.xml
2025-11-14 16:40:41,854 - INFO -   data_source: past_performance
2025-11-14 16:40:41,854 - INFO -   course_type_code: DIRT
2025-11-14 16:40:41,854 - INFO -   track_condition: UNKNOWN
2025-11-14 16:40:41,854 - INFO -   race_type_code: MCL
2025-11-14 16:40:41,854 - INFO -   race_type_description: MCL
2025-11-14 16:40:41,854 - INFO -   class_level: 1
2025-11-14 16:40:41,854 - INFO -   purse_category: MAIDEN
2025-11-14 16:40:41,854 - INFO -   min_age: 4
2025-11-14 16:40:41,854 - INFO -   max_age: None
2025-11-14 16:40:41,854 - INFO -   fillies_and_mares: False
2025-11-14 16:40:41,854 - INFO -   colts_and_geldings: False
2025-11-14 16:40:41,854 - INFO -   fillies_only: False
2025-11-14 16:40:41,854 - INFO -   mares_only: False
2025-11-14 16:40:41,854 - INFO -   colts_only: False
2025-11-14 16:40:41,854 - INFO -   geldings_only: False
2025-11-14 16:40:41,854 - INFO -   distance_yards: 132000
2025-11-14 16:40:41,854 - INFO -   purse_usd: 43000.0
2025-11-14 16:40:41,854 - INFO - 
Sample entry data:
2025-11-14 16:40:41,854 - INFO -   entry_id: USA_2023-01-01_1_18009698
2025-11-14 16:40:41,854 - INFO -   race_id: USA_2023-01-01_1
2025-11-14 16:40:41,854 - INFO -   registration_number: 18009698
2025-11-14 16:40:41,854 - INFO -   program_number: 1
2025-11-14 16:40:41,854 - INFO -   post_position: 1
2025-11-14 16:40:41,854 - INFO -   age_at_race: 5
2025-11-14 16:40:41,854 - INFO -   claim_price: 40000.0
2025-11-14 16:40:41,854 - INFO -   morning_line_odds: 20/1
2025-11-14 16:40:41,854 - INFO -   scratched: False
2025-11-14 16:40:41,854 - INFO -   trainer_id: 494
2025-11-14 16:40:41,854 - INFO -   owner_id: 2116693
2025-11-14 16:40:41,854 - INFO -   source_file: 2023 PPs/SIMD20230101AQU_USA.xml
2025-11-14 16:40:41,854 - INFO -   data_source: past_performance
2025-11-14 16:40:41,854 - INFO -   equipment_codes: []
2025-11-14 16:40:41,854 - INFO -   has_blinkers: False
2025-11-14 16:40:41,854 - INFO -   has_lasix: False
2025-11-14 16:40:41,854 - INFO -   has_tongue_tie: False
2025-11-14 16:40:41,854 - INFO -   has_nasal_strip: False
2025-11-14 16:40:41,854 - INFO -   weight_lbs: 112
2025-11-14 16:40:41,854 - INFO -   medication_codes: []
2025-11-14 16:40:41,854 - INFO - 
Testing database insertion...
2025-11-14 16:40:41,858 - INFO - Inserted 9 races
2025-11-14 16:40:41,864 - INFO - Inserted 69 entries
2025-11-14 16:40:41,873 - INFO - Testing Result Chart extraction...
2025-11-14 16:40:42,146 - WARNING - Could not find registration number for horse: Igottahaveit
2025-11-14 16:40:42,147 - WARNING - Could not find registration number for horse: Steerage
2025-11-14 16:40:42,147 - WARNING - Could not find registration number for horse: Clash A. J.
2025-11-14 16:40:42,147 - WARNING - Could not find registration number for horse: Quackenbush
2025-11-14 16:40:42,149 - WARNING - Could not find registration number for horse: Silent Running
2025-11-14 16:40:42,149 - WARNING - Could not find registration number for horse: Color Commish
2025-11-14 16:40:42,149 - WARNING - Could not find registration number for horse: Swifty Devil
2025-11-14 16:40:42,149 - WARNING - Could not find registration number for horse: Going in Style
2025-11-14 16:40:42,149 - WARNING - Could not find registration number for horse: Bobby the Tank
2025-11-14 16:40:42,149 - WARNING - Could not find registration number for horse: Larz
2025-11-14 16:40:42,149 - WARNING - Could not find registration number for horse: Joey Freshwater
2025-11-14 16:40:42,154 - WARNING - Could not find registration number for horse: Flashy Alex
2025-11-14 16:40:42,154 - WARNING - Could not find registration number for horse: Sweet Willemina
2025-11-14 16:40:42,154 - WARNING - Could not find registration number for horse: Battle Bling
2025-11-14 16:40:42,154 - WARNING - Could not find registration number for horse: Tonal Vision
2025-11-14 16:40:42,154 - WARNING - Could not find registration number for horse: Exotic West
2025-11-14 16:40:42,156 - WARNING - Could not find registration number for horse: Falconet
2025-11-14 16:40:42,156 - WARNING - Could not find registration number for horse: Rob the Rich
2025-11-14 16:40:42,156 - WARNING - Could not find registration number for horse: Jalen Journey
2025-11-14 16:40:42,156 - WARNING - Could not find registration number for horse: Jemography
2025-11-14 16:40:42,156 - WARNING - Could not find registration number for horse: Glory Road
2025-11-14 16:40:42,156 - WARNING - Could not find registration number for horse: Prisoner
2025-11-14 16:40:42,156 - WARNING - Could not find registration number for horse: Reed Kan
2025-11-14 16:40:42,156 - WARNING - Could not find registration number for horse: Lafitte's Fleet
2025-11-14 16:40:42,156 - WARNING - Could not find registration number for horse: Caerus
2025-11-14 16:40:42,163 - WARNING - Could not find registration number for horse: O'Trouble
2025-11-14 16:40:42,163 - WARNING - Could not find registration number for horse: Ballydooley (GB)
2025-11-14 16:40:42,163 - WARNING - Could not find registration number for horse: Bronx Bomber
2025-11-14 16:40:42,163 - WARNING - Could not find registration number for horse: Striking Speed
2025-11-14 16:40:42,163 - WARNING - Could not find registration number for horse: Caribbean (AUS)
2025-11-14 16:40:42,163 - WARNING - Could not find registration number for horse: Cash Now
2025-11-14 16:40:42,168 - WARNING - Could not find registration number for horse: Caiarossa
2025-11-14 16:40:42,168 - WARNING - Could not find registration number for horse: Fuligni
2025-11-14 16:40:42,168 - WARNING - Could not find registration number for horse: Mostly Harmless
2025-11-14 16:40:42,170 - WARNING - Could not find registration number for horse: Gracefully Wild
2025-11-14 16:40:42,170 - WARNING - Could not find registration number for horse: Afilada
2025-11-14 16:40:42,172 - WARNING - Could not find registration number for horse: Lordhearmyprayer
2025-11-14 16:40:42,172 - WARNING - Could not find registration number for horse: Ricelle
2025-11-14 16:40:42,172 - WARNING - Could not find registration number for horse: Boxed in and Bored
2025-11-14 16:40:42,174 - WARNING - Could not find registration number for horse: Tenebris
2025-11-14 16:40:42,174 - WARNING - Could not find registration number for horse: Built to Last
2025-11-14 16:40:42,176 - WARNING - Could not find registration number for horse: Cousin Andrew
2025-11-14 16:40:42,176 - WARNING - Could not find registration number for horse: Holey Matrimony
2025-11-14 16:40:42,176 - WARNING - Could not find registration number for horse: Major Spin
2025-11-14 16:40:42,178 - WARNING - Could not find registration number for horse: Gaslight
2025-11-14 16:40:42,178 - WARNING - Could not find registration number for horse: What a Dude
2025-11-14 16:40:42,178 - WARNING - Could not find registration number for horse: Liam's Fire
2025-11-14 16:40:42,180 - WARNING - Could not find registration number for horse: Amundson
2025-11-14 16:40:42,180 - WARNING - Could not find registration number for horse: Kinetic Sky
2025-11-14 16:40:42,180 - WARNING - Could not find registration number for horse: Chestertown
2025-11-14 16:40:42,182 - WARNING - Could not find registration number for horse: Milton the Monster
2025-11-14 16:40:42,182 - WARNING - Could not find registration number for horse: Stage Left
2025-11-14 16:40:42,184 - WARNING - Could not find registration number for horse: Lucky Brody
2025-11-14 16:40:42,184 - WARNING - Could not find registration number for horse: Astral Weeks
2025-11-14 16:40:42,184 - WARNING - Could not find registration number for horse: Cash in a Flash
2025-11-14 16:40:42,186 - WARNING - Could not find registration number for horse: Misbehaved
2025-11-14 16:40:42,186 - WARNING - Could not find registration number for horse: Giramonte
2025-11-14 16:40:42,186 - WARNING - Could not find registration number for horse: Ghostlyprince
2025-11-14 16:40:42,186 - WARNING - Could not find registration number for horse: Prince of Joy
2025-11-14 16:40:42,186 - WARNING - Could not find registration number for horse: Mailman's a Flyer
2025-11-14 16:40:42,186 - WARNING - Could not find registration number for horse: B C Glory Days
2025-11-14 16:40:42,186 - WARNING - Could not find registration number for horse: Bourbon's Hope
2025-11-14 16:40:42,186 - INFO - Result Chart extraction results:
2025-11-14 16:40:42,186 - INFO -   Race updates: 9
2025-11-14 16:40:42,186 - INFO -   Entry updates: 0
2025-11-14 16:40:42,186 - INFO - 
Sample race update:
2025-11-14 16:40:42,186 - INFO -   race_id: AQU_2023-01-01_1
2025-11-14 16:40:42,186 - INFO -   winning_time: 73.61
2025-11-14 16:40:42,186 - INFO -   final_fraction_time: 0.0
2025-11-14 16:40:42,186 - INFO -   track_condition: MUDDY
2025-11-14 16:40:42,186 - INFO -   weather: Clear
2025-11-14 16:40:42,186 - INFO -   wind_speed: None
2025-11-14 16:40:42,186 - INFO -   wind_direction: None
2025-11-14 16:40:42,186 - INFO - 
Testing database update...
2025-11-14 16:40:42,193 - INFO - Updated 9 races with results
2025-11-14 16:40:42,194 - INFO - Inserted 50 wagering records
2025-11-14 16:40:42,194 - INFO - Inserted 28 fraction records
2025-11-14 16:40:42,206 - INFO - Checking database status after extraction tests...
2025-11-14 16:40:42,206 - INFO - Races in database: 9
2025-11-14 16:40:42,206 - INFO - Entries in database: 69
2025-11-14 16:40:42,206 - INFO - Equipment records: 0
2025-11-14 16:40:42,206 - INFO - Wagering records: 50
2025-11-14 16:40:42,206 - INFO - 
Sample race record:
2025-11-14 16:40:42,206 - INFO -   race_id: USA_2023-01-01_1
2025-11-14 16:40:42,206 - INFO -   track_code: USA
2025-11-14 16:40:42,206 - INFO -   race_date: 2023-01-01
2025-11-14 16:40:42,206 - INFO -   race_number: 1
2025-11-14 16:40:42,206 - INFO -   course_type: DIRT
2025-11-14 16:40:42,206 - INFO -   race_type: MCL
2025-11-14 16:40:42,206 - INFO -   distance_yards: 132000
2025-11-14 16:40:42,206 - INFO -   purse: 43000
2025-11-14 16:40:42,206 - INFO - 
Sample entry record:
2025-11-14 16:40:42,206 - INFO -   entry_id: USA_2023-01-01_1_18009698
2025-11-14 16:40:42,206 - INFO -   registration_number: 18009698
2025-11-14 16:40:42,206 - INFO -   program_number: 1
2025-11-14 16:40:42,206 - INFO -   post_position: 1
2025-11-14 16:40:42,206 - INFO -   has_blinkers: 0
2025-11-14 16:40:42,206 - INFO -   has_lasix: 0
2025-11-14 16:40:42,206 - INFO -   weight_lbs: 112
2025-11-14 16:40:42,206 - INFO -   morning_line_odds: 20/1
2025-11-14 16:40:42,206 - INFO -   finish_position: None
2025-11-14 16:40:42,206 - INFO -   actual_odds: None
2025-11-14 16:45:41,225 - INFO - Testing Past Performance extraction...
2025-11-14 16:45:41,435 - INFO - Past Performance extraction results:
2025-11-14 16:45:41,435 - INFO -   Races found: 9
2025-11-14 16:45:41,435 - INFO -   Entries found: 69
2025-11-14 16:45:41,435 - INFO - 
Sample race data:
2025-11-14 16:45:41,435 - INFO -   race_id: USA_2023-01-01_1
2025-11-14 16:45:41,435 - INFO -   track_code: USA
2025-11-14 16:45:41,435 - INFO -   race_date: 2023-01-01
2025-11-14 16:45:41,435 - INFO -   race_number: 1
2025-11-14 16:45:41,435 - INFO -   race_name: None
2025-11-14 16:45:41,435 - INFO -   conditions_text: FOR MAIDENS, FOUR YEARS OLD  AND UPWARD FOALED IN NEW YORK STATE AND APPROVED BY THE NEW YORK STATE-BRED REGISTRY. Weight, 122 lbs. Claiming Price $40,000 (1.5% Aftercare Assessment Due At Time Of Claim Otherwise Claim Will Be Void).
2025-11-14 16:45:41,435 - INFO -   post_time: 12:20PM
2025-11-14 16:45:41,435 - INFO -   max_claim_price: 40000.00
2025-11-14 16:45:41,435 - INFO -   min_claim_price: 40000.00
2025-11-14 16:45:41,435 - INFO -   source_file: 2023 PPs/SIMD20230101AQU_USA.xml
2025-11-14 16:45:41,435 - INFO -   data_source: past_performance
2025-11-14 16:45:41,435 - INFO -   course_type_code: DIRT
2025-11-14 16:45:41,435 - INFO -   track_condition: UNKNOWN
2025-11-14 16:45:41,435 - INFO -   race_type_code: CLAIMING
2025-11-14 16:45:41,435 - INFO -   race_type_description: MAIDEN CLAIMING
2025-11-14 16:45:41,435 - INFO -   class_level: 2
2025-11-14 16:45:41,435 - INFO -   purse_category: CLAIMING
2025-11-14 16:45:41,435 - INFO -   min_age: 4
2025-11-14 16:45:41,435 - INFO -   max_age: None
2025-11-14 16:45:41,435 - INFO -   fillies_and_mares: False
2025-11-14 16:45:41,436 - INFO -   colts_and_geldings: False
2025-11-14 16:45:41,436 - INFO -   fillies_only: False
2025-11-14 16:45:41,436 - INFO -   mares_only: False
2025-11-14 16:45:41,436 - INFO -   colts_only: False
2025-11-14 16:45:41,436 - INFO -   geldings_only: False
2025-11-14 16:45:41,436 - INFO -   distance_yards: 132000
2025-11-14 16:45:41,436 - INFO -   purse_usd: 43000.0
2025-11-14 16:45:41,436 - INFO - 
Sample entry data:
2025-11-14 16:45:41,436 - INFO -   entry_id: USA_2023-01-01_1_18009698
2025-11-14 16:45:41,436 - INFO -   race_id: USA_2023-01-01_1
2025-11-14 16:45:41,436 - INFO -   registration_number: 18009698
2025-11-14 16:45:41,436 - INFO -   program_number: 1
2025-11-14 16:45:41,436 - INFO -   post_position: 1
2025-11-14 16:45:41,436 - INFO -   age_at_race: 5
2025-11-14 16:45:41,436 - INFO -   claim_price: 40000.0
2025-11-14 16:45:41,436 - INFO -   morning_line_odds: 20/1
2025-11-14 16:45:41,436 - INFO -   scratched: False
2025-11-14 16:45:41,436 - INFO -   trainer_id: 494
2025-11-14 16:45:41,436 - INFO -   owner_id: 2116693
2025-11-14 16:45:41,436 - INFO -   source_file: 2023 PPs/SIMD20230101AQU_USA.xml
2025-11-14 16:45:41,436 - INFO -   data_source: past_performance
2025-11-14 16:45:41,436 - INFO -   equipment_codes: []
2025-11-14 16:45:41,436 - INFO -   has_blinkers: False
2025-11-14 16:45:41,436 - INFO -   has_lasix: False
2025-11-14 16:45:41,436 - INFO -   has_tongue_tie: False
2025-11-14 16:45:41,436 - INFO -   has_nasal_strip: False
2025-11-14 16:45:41,436 - INFO -   weight_lbs: 112
2025-11-14 16:45:41,436 - INFO -   medication_codes: []
2025-11-14 16:45:41,436 - INFO - 
Testing database insertion...
2025-11-14 16:45:41,438 - INFO - Inserted 9 races
2025-11-14 16:45:41,441 - INFO - Inserted 69 entries
2025-11-14 16:45:41,442 - INFO - Testing Result Chart extraction...
2025-11-14 16:45:41,545 - WARNING - Could not find registration number for horse: Igottahaveit
2025-11-14 16:45:41,546 - WARNING - Could not find registration number for horse: Steerage
2025-11-14 16:45:41,546 - WARNING - Could not find registration number for horse: Clash A. J.
2025-11-14 16:45:41,547 - WARNING - Could not find registration number for horse: Quackenbush
2025-11-14 16:45:41,547 - WARNING - Could not find registration number for horse: Silent Running
2025-11-14 16:45:41,548 - WARNING - Could not find registration number for horse: Color Commish
2025-11-14 16:45:41,548 - WARNING - Could not find registration number for horse: Swifty Devil
2025-11-14 16:45:41,549 - WARNING - Could not find registration number for horse: Going in Style
2025-11-14 16:45:41,549 - WARNING - Could not find registration number for horse: Bobby the Tank
2025-11-14 16:45:41,549 - WARNING - Could not find registration number for horse: Larz
2025-11-14 16:45:41,550 - WARNING - Could not find registration number for horse: Joey Freshwater
2025-11-14 16:45:41,550 - WARNING - Could not find registration number for horse: Flashy Alex
2025-11-14 16:45:41,551 - WARNING - Could not find registration number for horse: Sweet Willemina
2025-11-14 16:45:41,551 - WARNING - Could not find registration number for horse: Battle Bling
2025-11-14 16:45:41,551 - WARNING - Could not find registration number for horse: Tonal Vision
2025-11-14 16:45:41,552 - WARNING - Could not find registration number for horse: Exotic West
2025-11-14 16:45:41,552 - WARNING - Could not find registration number for horse: Falconet
2025-11-14 16:45:41,553 - WARNING - Could not find registration number for horse: Rob the Rich
2025-11-14 16:45:41,553 - WARNING - Could not find registration number for horse: Jalen Journey
2025-11-14 16:45:41,554 - WARNING - Could not find registration number for horse: Jemography
2025-11-14 16:45:41,554 - WARNING - Could not find registration number for horse: Glory Road
2025-11-14 16:45:41,554 - WARNING - Could not find registration number for horse: Prisoner
2025-11-14 16:45:41,555 - WARNING - Could not find registration number for horse: Reed Kan
2025-11-14 16:45:41,555 - WARNING - Could not find registration number for horse: Lafitte's Fleet
2025-11-14 16:45:41,556 - WARNING - Could not find registration number for horse: Caerus
2025-11-14 16:45:41,556 - WARNING - Could not find registration number for horse: O'Trouble
2025-11-14 16:45:41,557 - WARNING - Could not find registration number for horse: Ballydooley (GB)
2025-11-14 16:45:41,557 - WARNING - Could not find registration number for horse: Bronx Bomber
2025-11-14 16:45:41,558 - WARNING - Could not find registration number for horse: Striking Speed
2025-11-14 16:45:41,558 - WARNING - Could not find registration number for horse: Caribbean (AUS)
2025-11-14 16:45:41,558 - WARNING - Could not find registration number for horse: Cash Now
2025-11-14 16:45:41,559 - WARNING - Could not find registration number for horse: Caiarossa
2025-11-14 16:45:41,559 - WARNING - Could not find registration number for horse: Fuligni
2025-11-14 16:45:41,560 - WARNING - Could not find registration number for horse: Mostly Harmless
2025-11-14 16:45:41,560 - WARNING - Could not find registration number for horse: Gracefully Wild
2025-11-14 16:45:41,560 - WARNING - Could not find registration number for horse: Afilada
2025-11-14 16:45:41,561 - WARNING - Could not find registration number for horse: Lordhearmyprayer
2025-11-14 16:45:41,561 - WARNING - Could not find registration number for horse: Ricelle
2025-11-14 16:45:41,562 - WARNING - Could not find registration number for horse: Boxed in and Bored
2025-11-14 16:45:41,562 - WARNING - Could not find registration number for horse: Tenebris
2025-11-14 16:45:41,563 - WARNING - Could not find registration number for horse: Built to Last
2025-11-14 16:45:41,563 - WARNING - Could not find registration number for horse: Cousin Andrew
2025-11-14 16:45:41,563 - WARNING - Could not find registration number for horse: Holey Matrimony
2025-11-14 16:45:41,564 - WARNING - Could not find registration number for horse: Major Spin
2025-11-14 16:45:41,564 - WARNING - Could not find registration number for horse: Gaslight
2025-11-14 16:45:41,565 - WARNING - Could not find registration number for horse: What a Dude
2025-11-14 16:45:41,565 - WARNING - Could not find registration number for horse: Liam's Fire
2025-11-14 16:45:41,565 - WARNING - Could not find registration number for horse: Amundson
2025-11-14 16:45:41,566 - WARNING - Could not find registration number for horse: Kinetic Sky
2025-11-14 16:45:41,566 - WARNING - Could not find registration number for horse: Chestertown
2025-11-14 16:45:41,567 - WARNING - Could not find registration number for horse: Milton the Monster
2025-11-14 16:45:41,567 - WARNING - Could not find registration number for horse: Stage Left
2025-11-14 16:45:41,568 - WARNING - Could not find registration number for horse: Lucky Brody
2025-11-14 16:45:41,568 - WARNING - Could not find registration number for horse: Astral Weeks
2025-11-14 16:45:41,569 - WARNING - Could not find registration number for horse: Cash in a Flash
2025-11-14 16:45:41,569 - WARNING - Could not find registration number for horse: Misbehaved
2025-11-14 16:45:41,570 - WARNING - Could not find registration number for horse: Giramonte
2025-11-14 16:45:41,570 - WARNING - Could not find registration number for horse: Ghostlyprince
2025-11-14 16:45:41,570 - WARNING - Could not find registration number for horse: Prince of Joy
2025-11-14 16:45:41,571 - WARNING - Could not find registration number for horse: Mailman's a Flyer
2025-11-14 16:45:41,571 - WARNING - Could not find registration number for horse: B C Glory Days
2025-11-14 16:45:41,571 - WARNING - Could not find registration number for horse: Bourbon's Hope
2025-11-14 16:45:41,571 - INFO - Result Chart extraction results:
2025-11-14 16:45:41,571 - INFO -   Race updates: 9
2025-11-14 16:45:41,571 - INFO -   Entry updates: 0
2025-11-14 16:45:41,571 - INFO - 
Sample race update:
2025-11-14 16:45:41,571 - INFO -   race_id: AQU_2023-01-01_1
2025-11-14 16:45:41,571 - INFO -   winning_time: 73.61
2025-11-14 16:45:41,571 - INFO -   final_fraction_time: 0.0
2025-11-14 16:45:41,571 - INFO -   track_condition: MUDDY
2025-11-14 16:45:41,571 - INFO -   weather: Clear
2025-11-14 16:45:41,571 - INFO -   wind_speed: None
2025-11-14 16:45:41,571 - INFO -   wind_direction: None
2025-11-14 16:45:41,571 - INFO - 
Testing database update...
2025-11-14 16:45:41,571 - INFO - Updated 9 races with results
2025-11-14 16:45:41,571 - INFO - Inserted 50 wagering records
2025-11-14 16:45:41,571 - INFO - Inserted 28 fraction records
2025-11-14 16:45:41,571 - INFO - Checking database status after extraction tests...
2025-11-14 16:45:41,571 - INFO - Races in database: 9
2025-11-14 16:45:41,571 - INFO - Entries in database: 69
2025-11-14 16:45:41,571 - INFO - Equipment records: 0
2025-11-14 16:45:41,571 - INFO - Wagering records: 50
2025-11-14 16:45:41,571 - INFO - 
Sample race record:
2025-11-14 16:45:41,571 - INFO -   race_id: USA_2023-01-01_1
2025-11-14 16:45:41,571 - INFO -   track_code: USA
2025-11-14 16:45:41,571 - INFO -   race_date: 2023-01-01
2025-11-14 16:45:41,571 - INFO -   race_number: 1
2025-11-14 16:45:41,571 - INFO -   course_type: DIRT
2025-11-14 16:45:41,571 - INFO -   race_type: MCL
2025-11-14 16:45:41,571 - INFO -   distance_yards: 132000
2025-11-14 16:45:41,571 - INFO -   purse: 43000
2025-11-14 16:45:41,571 - INFO - 
Sample entry record:
2025-11-14 16:45:41,571 - INFO -   entry_id: USA_2023-01-01_1_18009698
2025-11-14 16:45:41,571 - INFO -   registration_number: 18009698
2025-11-14 16:45:41,571 - INFO -   program_number: 1
2025-11-14 16:45:41,571 - INFO -   post_position: 1
2025-11-14 16:45:41,571 - INFO -   has_blinkers: 0
2025-11-14 16:45:41,571 - INFO -   has_lasix: 0
2025-11-14 16:45:41,571 - INFO -   weight_lbs: 112
2025-11-14 16:45:41,571 - INFO -   morning_line_odds: 20/1
2025-11-14 16:45:41,571 - INFO -   finish_position: None
2025-11-14 16:45:41,571 - INFO -   actual_odds: None
2025-11-14 16:48:42,818 - INFO - Starting Past Performance extraction from 2023 PPs
2025-11-14 16:48:42,818 - INFO - Using 45 workers with standardization
2025-11-14 16:48:43,408 - INFO - Found 5924 Past Performance XML files to process
2025-11-14 16:49:17,629 - INFO - Processed 100 files. Races: 198, Entries: 1782
2025-11-14 16:49:40,102 - INFO - Processed 200 files. Races: 356, Entries: 3268
2025-11-14 16:49:57,433 - INFO - Performing batch database insert...
2025-11-14 16:49:57,658 - INFO - Inserted 514 races
2025-11-14 16:49:59,557 - INFO - Inserted 4737 entries
2025-11-14 16:49:59,759 - INFO - Inserted 913 equipment records
2025-11-14 16:50:03,338 - INFO - Processed 300 files. Races: 483, Entries: 4472
2025-11-14 16:50:23,941 - INFO - Processed 400 files. Races: 627, Entries: 5817
2025-11-14 16:51:52,395 - ERROR - Error looking up registration number for Igottahaveit: no such table: horses_master
2025-11-14 16:51:52,395 - WARNING - Could not find registration number for horse: Igottahaveit
2025-11-14 16:51:52,395 - ERROR - Error looking up registration number for Steerage: no such table: horses_master
2025-11-14 16:51:52,395 - WARNING - Could not find registration number for horse: Steerage
2025-11-14 16:51:52,395 - ERROR - Error looking up registration number for Clash A. J.: no such table: horses_master
2025-11-14 16:51:52,395 - WARNING - Could not find registration number for horse: Clash A. J.
2025-11-14 16:51:52,396 - ERROR - Error looking up registration number for Quackenbush: no such table: horses_master
2025-11-14 16:51:52,396 - WARNING - Could not find registration number for horse: Quackenbush
2025-11-14 16:51:52,396 - ERROR - Error looking up registration number for Silent Running: no such table: horses_master
2025-11-14 16:51:52,396 - WARNING - Could not find registration number for horse: Silent Running
2025-11-14 16:51:52,396 - ERROR - Error looking up registration number for Color Commish: no such table: horses_master
2025-11-14 16:51:52,396 - WARNING - Could not find registration number for horse: Color Commish
2025-11-14 16:51:52,396 - ERROR - Error looking up registration number for Swifty Devil: no such table: horses_master
2025-11-14 16:51:52,396 - WARNING - Could not find registration number for horse: Swifty Devil
2025-11-14 16:51:52,396 - ERROR - Error looking up registration number for Going in Style: no such table: horses_master
2025-11-14 16:51:52,396 - WARNING - Could not find registration number for horse: Going in Style
2025-11-14 16:51:52,396 - ERROR - Error looking up registration number for Bobby the Tank: no such table: horses_master
2025-11-14 16:51:52,396 - WARNING - Could not find registration number for horse: Bobby the Tank
2025-11-14 16:51:52,396 - ERROR - Error looking up registration number for Larz: no such table: horses_master
2025-11-14 16:51:52,396 - WARNING - Could not find registration number for horse: Larz
2025-11-14 16:51:52,396 - ERROR - Error looking up registration number for Joey Freshwater: no such table: horses_master
2025-11-14 16:51:52,396 - WARNING - Could not find registration number for horse: Joey Freshwater
2025-11-14 16:51:52,396 - ERROR - Error looking up registration number for Flashy Alex: no such table: horses_master
2025-11-14 16:51:52,396 - WARNING - Could not find registration number for horse: Flashy Alex
2025-11-14 16:51:52,396 - ERROR - Error looking up registration number for Sweet Willemina: no such table: horses_master
2025-11-14 16:51:52,396 - WARNING - Could not find registration number for horse: Sweet Willemina
2025-11-14 16:51:52,396 - ERROR - Error looking up registration number for Battle Bling: no such table: horses_master
2025-11-14 16:51:52,396 - WARNING - Could not find registration number for horse: Battle Bling
2025-11-14 16:51:52,396 - ERROR - Error looking up registration number for Tonal Vision: no such table: horses_master
2025-11-14 16:51:52,396 - WARNING - Could not find registration number for horse: Tonal Vision
2025-11-14 16:51:52,396 - ERROR - Error looking up registration number for Exotic West: no such table: horses_master
2025-11-14 16:51:52,396 - WARNING - Could not find registration number for horse: Exotic West
2025-11-14 16:51:52,396 - ERROR - Error looking up registration number for Falconet: no such table: horses_master
2025-11-14 16:51:52,396 - WARNING - Could not find registration number for horse: Falconet
2025-11-14 16:51:52,396 - ERROR - Error looking up registration number for Rob the Rich: no such table: horses_master
2025-11-14 16:51:52,396 - WARNING - Could not find registration number for horse: Rob the Rich
2025-11-14 16:51:52,396 - ERROR - Error looking up registration number for Jalen Journey: no such table: horses_master
2025-11-14 16:51:52,396 - WARNING - Could not find registration number for horse: Jalen Journey
2025-11-14 16:51:52,396 - ERROR - Error looking up registration number for Jemography: no such table: horses_master
2025-11-14 16:51:52,396 - WARNING - Could not find registration number for horse: Jemography
2025-11-14 16:51:52,396 - ERROR - Error looking up registration number for Glory Road: no such table: horses_master
2025-11-14 16:51:52,396 - WARNING - Could not find registration number for horse: Glory Road
2025-11-14 16:51:52,396 - ERROR - Error looking up registration number for Prisoner: no such table: horses_master
2025-11-14 16:51:52,396 - WARNING - Could not find registration number for horse: Prisoner
2025-11-14 16:51:52,396 - ERROR - Error looking up registration number for Reed Kan: no such table: horses_master
2025-11-14 16:51:52,396 - WARNING - Could not find registration number for horse: Reed Kan
2025-11-14 16:51:52,396 - ERROR - Error looking up registration number for Lafitte's Fleet: no such table: horses_master
2025-11-14 16:51:52,396 - WARNING - Could not find registration number for horse: Lafitte's Fleet
2025-11-14 16:51:52,396 - ERROR - Error looking up registration number for Caerus: no such table: horses_master
2025-11-14 16:51:52,396 - WARNING - Could not find registration number for horse: Caerus
2025-11-14 16:51:52,396 - ERROR - Error looking up registration number for O'Trouble: no such table: horses_master
2025-11-14 16:51:52,396 - WARNING - Could not find registration number for horse: O'Trouble
2025-11-14 16:51:52,396 - ERROR - Error looking up registration number for Ballydooley (GB): no such table: horses_master
2025-11-14 16:51:52,396 - WARNING - Could not find registration number for horse: Ballydooley (GB)
2025-11-14 16:51:52,396 - ERROR - Error looking up registration number for Bronx Bomber: no such table: horses_master
2025-11-14 16:51:52,396 - WARNING - Could not find registration number for horse: Bronx Bomber
2025-11-14 16:51:52,396 - ERROR - Error looking up registration number for Striking Speed: no such table: horses_master
2025-11-14 16:51:52,396 - WARNING - Could not find registration number for horse: Striking Speed
2025-11-14 16:51:52,406 - ERROR - Error looking up registration number for Caribbean (AUS): no such table: horses_master
2025-11-14 16:51:52,406 - WARNING - Could not find registration number for horse: Caribbean (AUS)
2025-11-14 16:51:52,406 - ERROR - Error looking up registration number for Cash Now: no such table: horses_master
2025-11-14 16:51:52,406 - WARNING - Could not find registration number for horse: Cash Now
2025-11-14 16:51:52,407 - ERROR - Error looking up registration number for Caiarossa: no such table: horses_master
2025-11-14 16:51:52,407 - WARNING - Could not find registration number for horse: Caiarossa
2025-11-14 16:51:52,407 - ERROR - Error looking up registration number for Fuligni: no such table: horses_master
2025-11-14 16:51:52,407 - WARNING - Could not find registration number for horse: Fuligni
2025-11-14 16:51:52,408 - ERROR - Error looking up registration number for Mostly Harmless: no such table: horses_master
2025-11-14 16:51:52,408 - WARNING - Could not find registration number for horse: Mostly Harmless
2025-11-14 16:51:52,408 - ERROR - Error looking up registration number for Gracefully Wild: no such table: horses_master
2025-11-14 16:51:52,408 - WARNING - Could not find registration number for horse: Gracefully Wild
2025-11-14 16:51:52,409 - ERROR - Error looking up registration number for Afilada: no such table: horses_master
2025-11-14 16:51:52,409 - WARNING - Could not find registration number for horse: Afilada
2025-11-14 16:51:52,409 - ERROR - Error looking up registration number for Lordhearmyprayer: no such table: horses_master
2025-11-14 16:51:52,409 - WARNING - Could not find registration number for horse: Lordhearmyprayer
2025-11-14 16:51:52,409 - ERROR - Error looking up registration number for Ricelle: no such table: horses_master
2025-11-14 16:51:52,410 - WARNING - Could not find registration number for horse: Ricelle
2025-11-14 16:51:52,410 - ERROR - Error looking up registration number for Boxed in and Bored: no such table: horses_master
2025-11-14 16:51:52,410 - WARNING - Could not find registration number for horse: Boxed in and Bored
2025-11-14 16:51:52,410 - ERROR - Error looking up registration number for Tenebris: no such table: horses_master
2025-11-14 16:51:52,410 - WARNING - Could not find registration number for horse: Tenebris
2025-11-14 16:51:52,411 - ERROR - Error looking up registration number for Built to Last: no such table: horses_master
2025-11-14 16:51:52,411 - WARNING - Could not find registration number for horse: Built to Last
2025-11-14 16:51:52,412 - ERROR - Error looking up registration number for Cousin Andrew: no such table: horses_master
2025-11-14 16:51:52,412 - WARNING - Could not find registration number for horse: Cousin Andrew
2025-11-14 16:51:52,412 - ERROR - Error looking up registration number for Holey Matrimony: no such table: horses_master
2025-11-14 16:51:52,412 - WARNING - Could not find registration number for horse: Holey Matrimony
2025-11-14 16:51:52,413 - ERROR - Error looking up registration number for Major Spin: no such table: horses_master
2025-11-14 16:51:52,413 - WARNING - Could not find registration number for horse: Major Spin
2025-11-14 16:51:52,413 - ERROR - Error looking up registration number for Gaslight: no such table: horses_master
2025-11-14 16:51:52,414 - WARNING - Could not find registration number for horse: Gaslight
2025-11-14 16:51:52,414 - ERROR - Error looking up registration number for What a Dude: no such table: horses_master
2025-11-14 16:51:52,414 - WARNING - Could not find registration number for horse: What a Dude
2025-11-14 16:51:52,414 - ERROR - Error looking up registration number for Liam's Fire: no such table: horses_master
2025-11-14 16:51:52,414 - WARNING - Could not find registration number for horse: Liam's Fire
2025-11-14 16:51:52,415 - ERROR - Error looking up registration number for Amundson: no such table: horses_master
2025-11-14 16:51:52,415 - WARNING - Could not find registration number for horse: Amundson
2025-11-14 16:51:52,415 - ERROR - Error looking up registration number for Kinetic Sky: no such table: horses_master
2025-11-14 16:51:52,415 - WARNING - Could not find registration number for horse: Kinetic Sky
2025-11-14 16:51:52,416 - ERROR - Error looking up registration number for Chestertown: no such table: horses_master
2025-11-14 16:51:52,416 - WARNING - Could not find registration number for horse: Chestertown
2025-11-14 16:51:52,416 - ERROR - Error looking up registration number for Milton the Monster: no such table: horses_master
2025-11-14 16:51:52,416 - WARNING - Could not find registration number for horse: Milton the Monster
2025-11-14 16:51:52,417 - ERROR - Error looking up registration number for Stage Left: no such table: horses_master
2025-11-14 16:51:52,417 - WARNING - Could not find registration number for horse: Stage Left
2025-11-14 16:51:52,417 - ERROR - Error looking up registration number for Lucky Brody: no such table: horses_master
2025-11-14 16:51:52,417 - WARNING - Could not find registration number for horse: Lucky Brody
2025-11-14 16:51:52,418 - ERROR - Error looking up registration number for Astral Weeks: no such table: horses_master
2025-11-14 16:51:52,418 - WARNING - Could not find registration number for horse: Astral Weeks
2025-11-14 16:51:52,418 - ERROR - Error looking up registration number for Cash in a Flash: no such table: horses_master
2025-11-14 16:51:52,418 - WARNING - Could not find registration number for horse: Cash in a Flash
2025-11-14 16:51:52,419 - ERROR - Error looking up registration number for Misbehaved: no such table: horses_master
2025-11-14 16:51:52,419 - WARNING - Could not find registration number for horse: Misbehaved
2025-11-14 16:51:52,419 - ERROR - Error looking up registration number for Giramonte: no such table: horses_master
2025-11-14 16:51:52,419 - WARNING - Could not find registration number for horse: Giramonte
2025-11-14 16:51:52,420 - ERROR - Error looking up registration number for Ghostlyprince: no such table: horses_master
2025-11-14 16:51:52,420 - WARNING - Could not find registration number for horse: Ghostlyprince
2025-11-14 16:51:52,420 - ERROR - Error looking up registration number for Prince of Joy: no such table: horses_master
2025-11-14 16:51:52,420 - WARNING - Could not find registration number for horse: Prince of Joy
2025-11-14 16:51:52,421 - ERROR - Error looking up registration number for Mailman's a Flyer: no such table: horses_master
2025-11-14 16:51:52,421 - WARNING - Could not find registration number for horse: Mailman's a Flyer
2025-11-14 16:51:52,421 - ERROR - Error looking up registration number for B C Glory Days: no such table: horses_master
2025-11-14 16:51:52,421 - WARNING - Could not find registration number for horse: B C Glory Days
2025-11-14 16:51:52,421 - ERROR - Error looking up registration number for Bourbon's Hope: no such table: horses_master
2025-11-14 16:51:52,421 - WARNING - Could not find registration number for horse: Bourbon's Hope
